[20-Oct-2025 15:53:43 UTC] PHP Deprecated:  Creation of dynamic property PetAdoptionTablePlugin::$charset is deprecated in C:\xampp\htdocs\FICTIONAL-UNIVERSITY\wp-content\plugins\new-database-table\new-database-table.php on line 16
[20-Oct-2025 15:53:43 UTC] PHP Deprecated:  Creation of dynamic property PetAdoptionTablePlugin::$tablename is deprecated in C:\xampp\htdocs\FICTIONAL-UNIVERSITY\wp-content\plugins\new-database-table\new-database-table.php on line 17
[20-Oct-2025 15:53:44 UTC] PHP Deprecated:  Creation of dynamic property PetAdoptionTablePlugin::$charset is deprecated in C:\xampp\htdocs\FICTIONAL-UNIVERSITY\wp-content\plugins\new-database-table\new-database-table.php on line 16
[20-Oct-2025 15:53:44 UTC] PHP Deprecated:  Creation of dynamic property PetAdoptionTablePlugin::$tablename is deprecated in C:\xampp\htdocs\FICTIONAL-UNIVERSITY\wp-content\plugins\new-database-table\new-database-table.php on line 17
[20-Oct-2025 15:53:53 UTC] PHP Deprecated:  Creation of dynamic property PetAdoptionTablePlugin::$charset is deprecated in C:\xampp\htdocs\FICTIONAL-UNIVERSITY\wp-content\plugins\new-database-table\new-database-table.php on line 16
[20-Oct-2025 15:53:53 UTC] PHP Deprecated:  Creation of dynamic property PetAdoptionTablePlugin::$tablename is deprecated in C:\xampp\htdocs\FICTIONAL-UNIVERSITY\wp-content\plugins\new-database-table\new-database-table.php on line 17
[20-Oct-2025 15:53:54 UTC] PHP Deprecated:  Creation of dynamic property PetAdoptionTablePlugin::$charset is deprecated in C:\xampp\htdocs\FICTIONAL-UNIVERSITY\wp-content\plugins\new-database-table\new-database-table.php on line 16
[20-Oct-2025 15:53:54 UTC] PHP Deprecated:  Creation of dynamic property PetAdoptionTablePlugin::$tablename is deprecated in C:\xampp\htdocs\FICTIONAL-UNIVERSITY\wp-content\plugins\new-database-table\new-database-table.php on line 17
[20-Oct-2025 15:54:30 UTC] PHP Deprecated:  Creation of dynamic property PetAdoptionTablePlugin::$charset is deprecated in C:\xampp\htdocs\FICTIONAL-UNIVERSITY\wp-content\plugins\new-database-table\new-database-table.php on line 16
[20-Oct-2025 15:54:30 UTC] PHP Deprecated:  Creation of dynamic property PetAdoptionTablePlugin::$tablename is deprecated in C:\xampp\htdocs\FICTIONAL-UNIVERSITY\wp-content\plugins\new-database-table\new-database-table.php on line 17
[20-Oct-2025 15:54:35 UTC] PHP Deprecated:  Creation of dynamic property PetAdoptionTablePlugin::$charset is deprecated in C:\xampp\htdocs\FICTIONAL-UNIVERSITY\wp-content\plugins\new-database-table\new-database-table.php on line 16
[20-Oct-2025 15:54:35 UTC] PHP Deprecated:  Creation of dynamic property PetAdoptionTablePlugin::$tablename is deprecated in C:\xampp\htdocs\FICTIONAL-UNIVERSITY\wp-content\plugins\new-database-table\new-database-table.php on line 17
[20-Oct-2025 15:54:59 UTC] PHP Deprecated:  Creation of dynamic property PetAdoptionTablePlugin::$charset is deprecated in C:\xampp\htdocs\FICTIONAL-UNIVERSITY\wp-content\plugins\new-database-table\new-database-table.php on line 16
[20-Oct-2025 15:54:59 UTC] PHP Deprecated:  Creation of dynamic property PetAdoptionTablePlugin::$tablename is deprecated in C:\xampp\htdocs\FICTIONAL-UNIVERSITY\wp-content\plugins\new-database-table\new-database-table.php on line 17
[20-Oct-2025 15:54:59 UTC] PHP Deprecated:  Creation of dynamic property PetAdoptionTablePlugin::$charset is deprecated in C:\xampp\htdocs\FICTIONAL-UNIVERSITY\wp-content\plugins\new-database-table\new-database-table.php on line 16
[20-Oct-2025 15:54:59 UTC] PHP Deprecated:  Creation of dynamic property PetAdoptionTablePlugin::$tablename is deprecated in C:\xampp\htdocs\FICTIONAL-UNIVERSITY\wp-content\plugins\new-database-table\new-database-table.php on line 17
[20-Oct-2025 15:55:13 UTC] PHP Deprecated:  Creation of dynamic property PetAdoptionTablePlugin::$charset is deprecated in C:\xampp\htdocs\FICTIONAL-UNIVERSITY\wp-content\plugins\new-database-table\new-database-table.php on line 16
[20-Oct-2025 15:55:13 UTC] PHP Deprecated:  Creation of dynamic property PetAdoptionTablePlugin::$tablename is deprecated in C:\xampp\htdocs\FICTIONAL-UNIVERSITY\wp-content\plugins\new-database-table\new-database-table.php on line 17
[20-Oct-2025 15:55:13 UTC] [Loco.debug] "Wrote backup: featured-professor-es_ES.po -> featured-professor-es_ES-backup-202510201555130.po~" in src/gettext/Compiler.php:75
[20-Oct-2025 15:56:00 UTC] PHP Deprecated:  Creation of dynamic property PetAdoptionTablePlugin::$charset is deprecated in C:\xampp\htdocs\FICTIONAL-UNIVERSITY\wp-content\plugins\new-database-table\new-database-table.php on line 16
[20-Oct-2025 15:56:00 UTC] PHP Deprecated:  Creation of dynamic property PetAdoptionTablePlugin::$tablename is deprecated in C:\xampp\htdocs\FICTIONAL-UNIVERSITY\wp-content\plugins\new-database-table\new-database-table.php on line 17
[20-Oct-2025 15:57:00 UTC] PHP Deprecated:  Creation of dynamic property PetAdoptionTablePlugin::$charset is deprecated in C:\xampp\htdocs\FICTIONAL-UNIVERSITY\wp-content\plugins\new-database-table\new-database-table.php on line 16
[20-Oct-2025 15:57:00 UTC] PHP Deprecated:  Creation of dynamic property PetAdoptionTablePlugin::$tablename is deprecated in C:\xampp\htdocs\FICTIONAL-UNIVERSITY\wp-content\plugins\new-database-table\new-database-table.php on line 17
[20-Oct-2025 15:58:01 UTC] PHP Deprecated:  Creation of dynamic property PetAdoptionTablePlugin::$charset is deprecated in C:\xampp\htdocs\FICTIONAL-UNIVERSITY\wp-content\plugins\new-database-table\new-database-table.php on line 16
[20-Oct-2025 15:58:01 UTC] PHP Deprecated:  Creation of dynamic property PetAdoptionTablePlugin::$tablename is deprecated in C:\xampp\htdocs\FICTIONAL-UNIVERSITY\wp-content\plugins\new-database-table\new-database-table.php on line 17
[20-Oct-2025 15:59:01 UTC] PHP Deprecated:  Creation of dynamic property PetAdoptionTablePlugin::$charset is deprecated in C:\xampp\htdocs\FICTIONAL-UNIVERSITY\wp-content\plugins\new-database-table\new-database-table.php on line 16
[20-Oct-2025 15:59:01 UTC] PHP Deprecated:  Creation of dynamic property PetAdoptionTablePlugin::$tablename is deprecated in C:\xampp\htdocs\FICTIONAL-UNIVERSITY\wp-content\plugins\new-database-table\new-database-table.php on line 17
[20-Oct-2025 16:00:02 UTC] PHP Deprecated:  Creation of dynamic property PetAdoptionTablePlugin::$charset is deprecated in C:\xampp\htdocs\FICTIONAL-UNIVERSITY\wp-content\plugins\new-database-table\new-database-table.php on line 16
[20-Oct-2025 16:00:02 UTC] PHP Deprecated:  Creation of dynamic property PetAdoptionTablePlugin::$tablename is deprecated in C:\xampp\htdocs\FICTIONAL-UNIVERSITY\wp-content\plugins\new-database-table\new-database-table.php on line 17
[20-Oct-2025 16:01:02 UTC] PHP Deprecated:  Creation of dynamic property PetAdoptionTablePlugin::$charset is deprecated in C:\xampp\htdocs\FICTIONAL-UNIVERSITY\wp-content\plugins\new-database-table\new-database-table.php on line 16
[20-Oct-2025 16:01:02 UTC] PHP Deprecated:  Creation of dynamic property PetAdoptionTablePlugin::$tablename is deprecated in C:\xampp\htdocs\FICTIONAL-UNIVERSITY\wp-content\plugins\new-database-table\new-database-table.php on line 17
[20-Oct-2025 16:01:08 UTC] PHP Deprecated:  Creation of dynamic property PetAdoptionTablePlugin::$charset is deprecated in C:\xampp\htdocs\FICTIONAL-UNIVERSITY\wp-content\plugins\new-database-table\new-database-table.php on line 16
[20-Oct-2025 16:01:08 UTC] PHP Deprecated:  Creation of dynamic property PetAdoptionTablePlugin::$tablename is deprecated in C:\xampp\htdocs\FICTIONAL-UNIVERSITY\wp-content\plugins\new-database-table\new-database-table.php on line 17
[20-Oct-2025 16:01:18 UTC] PHP Deprecated:  Creation of dynamic property PetAdoptionTablePlugin::$charset is deprecated in C:\xampp\htdocs\FICTIONAL-UNIVERSITY\wp-content\plugins\new-database-table\new-database-table.php on line 16
[20-Oct-2025 16:01:18 UTC] PHP Deprecated:  Creation of dynamic property PetAdoptionTablePlugin::$tablename is deprecated in C:\xampp\htdocs\FICTIONAL-UNIVERSITY\wp-content\plugins\new-database-table\new-database-table.php on line 17
[20-Oct-2025 16:01:20 UTC] PHP Deprecated:  Creation of dynamic property PetAdoptionTablePlugin::$charset is deprecated in C:\xampp\htdocs\FICTIONAL-UNIVERSITY\wp-content\plugins\new-database-table\new-database-table.php on line 16
[20-Oct-2025 16:01:20 UTC] PHP Deprecated:  Creation of dynamic property PetAdoptionTablePlugin::$tablename is deprecated in C:\xampp\htdocs\FICTIONAL-UNIVERSITY\wp-content\plugins\new-database-table\new-database-table.php on line 17
[20-Oct-2025 16:01:22 UTC] PHP Deprecated:  Creation of dynamic property PetAdoptionTablePlugin::$charset is deprecated in C:\xampp\htdocs\FICTIONAL-UNIVERSITY\wp-content\plugins\new-database-table\new-database-table.php on line 16
[20-Oct-2025 16:01:22 UTC] PHP Deprecated:  Creation of dynamic property PetAdoptionTablePlugin::$tablename is deprecated in C:\xampp\htdocs\FICTIONAL-UNIVERSITY\wp-content\plugins\new-database-table\new-database-table.php on line 17
[20-Oct-2025 16:01:24 UTC] PHP Notice:  La función register_rest_route ha sido llamada <strong>de forma incorrecta</strong>. A la definición de ruta de la API REST para <code>featuredProfessor/v1/getHTML</code> le falta el argumento <code>permission_callback</code> necesario. Para las rutas de la API REST que están pensadas para a ser públicas, usa <code>__return_true</code> como la llamada de permiso. Por favor, ve <a href="https://developer.wordpress.org/advanced-administration/debug/debug-wordpress/">depuración en WordPress</a> para más información. (Este mensaje fue añadido en la versión 5.5.0). in C:\xampp\htdocs\FICTIONAL-UNIVERSITY\wp-includes\functions.php on line 6121
[20-Oct-2025 16:01:24 UTC] PHP Notice:  La función register_rest_route ha sido llamada <strong>de forma incorrecta</strong>. A la definición de ruta de la API REST para <code>university/v1/manageLike</code> le falta el argumento <code>permission_callback</code> necesario. Para las rutas de la API REST que están pensadas para a ser públicas, usa <code>__return_true</code> como la llamada de permiso. Por favor, ve <a href="https://developer.wordpress.org/advanced-administration/debug/debug-wordpress/">depuración en WordPress</a> para más información. (Este mensaje fue añadido en la versión 5.5.0). in C:\xampp\htdocs\FICTIONAL-UNIVERSITY\wp-includes\functions.php on line 6121
[20-Oct-2025 16:01:24 UTC] PHP Notice:  La función register_rest_route ha sido llamada <strong>de forma incorrecta</strong>. A la definición de ruta de la API REST para <code>university/v1/manageLike</code> le falta el argumento <code>permission_callback</code> necesario. Para las rutas de la API REST que están pensadas para a ser públicas, usa <code>__return_true</code> como la llamada de permiso. Por favor, ve <a href="https://developer.wordpress.org/advanced-administration/debug/debug-wordpress/">depuración en WordPress</a> para más información. (Este mensaje fue añadido en la versión 5.5.0). in C:\xampp\htdocs\FICTIONAL-UNIVERSITY\wp-includes\functions.php on line 6121
[20-Oct-2025 16:01:24 UTC] PHP Notice:  La función register_rest_route ha sido llamada <strong>de forma incorrecta</strong>. A la definición de ruta de la API REST para <code>university/v1/search</code> le falta el argumento <code>permission_callback</code> necesario. Para las rutas de la API REST que están pensadas para a ser públicas, usa <code>__return_true</code> como la llamada de permiso. Por favor, ve <a href="https://developer.wordpress.org/advanced-administration/debug/debug-wordpress/">depuración en WordPress</a> para más información. (Este mensaje fue añadido en la versión 5.5.0). in C:\xampp\htdocs\FICTIONAL-UNIVERSITY\wp-includes\functions.php on line 6121
[20-Oct-2025 16:01:26 UTC] PHP Deprecated:  Creation of dynamic property PetAdoptionTablePlugin::$charset is deprecated in C:\xampp\htdocs\FICTIONAL-UNIVERSITY\wp-content\plugins\new-database-table\new-database-table.php on line 16
[20-Oct-2025 16:01:26 UTC] PHP Deprecated:  Creation of dynamic property PetAdoptionTablePlugin::$tablename is deprecated in C:\xampp\htdocs\FICTIONAL-UNIVERSITY\wp-content\plugins\new-database-table\new-database-table.php on line 17
[20-Oct-2025 16:01:27 UTC] PHP Deprecated:  Creation of dynamic property PetAdoptionTablePlugin::$charset is deprecated in C:\xampp\htdocs\FICTIONAL-UNIVERSITY\wp-content\plugins\new-database-table\new-database-table.php on line 16
[20-Oct-2025 16:01:27 UTC] PHP Deprecated:  Creation of dynamic property PetAdoptionTablePlugin::$tablename is deprecated in C:\xampp\htdocs\FICTIONAL-UNIVERSITY\wp-content\plugins\new-database-table\new-database-table.php on line 17
[20-Oct-2025 16:01:27 UTC] PHP Deprecated:  Creation of dynamic property PetAdoptionTablePlugin::$charset is deprecated in C:\xampp\htdocs\FICTIONAL-UNIVERSITY\wp-content\plugins\new-database-table\new-database-table.php on line 16
[20-Oct-2025 16:01:27 UTC] PHP Deprecated:  Creation of dynamic property PetAdoptionTablePlugin::$tablename is deprecated in C:\xampp\htdocs\FICTIONAL-UNIVERSITY\wp-content\plugins\new-database-table\new-database-table.php on line 17
[20-Oct-2025 16:01:27 UTC] PHP Deprecated:  Creation of dynamic property PetAdoptionTablePlugin::$charset is deprecated in C:\xampp\htdocs\FICTIONAL-UNIVERSITY\wp-content\plugins\new-database-table\new-database-table.php on line 16
[20-Oct-2025 16:01:27 UTC] PHP Deprecated:  Creation of dynamic property PetAdoptionTablePlugin::$tablename is deprecated in C:\xampp\htdocs\FICTIONAL-UNIVERSITY\wp-content\plugins\new-database-table\new-database-table.php on line 17
[20-Oct-2025 16:01:27 UTC] PHP Deprecated:  Creation of dynamic property PetAdoptionTablePlugin::$charset is deprecated in C:\xampp\htdocs\FICTIONAL-UNIVERSITY\wp-content\plugins\new-database-table\new-database-table.php on line 16
[20-Oct-2025 16:01:27 UTC] PHP Deprecated:  Creation of dynamic property PetAdoptionTablePlugin::$tablename is deprecated in C:\xampp\htdocs\FICTIONAL-UNIVERSITY\wp-content\plugins\new-database-table\new-database-table.php on line 17
[20-Oct-2025 16:01:30 UTC] PHP Deprecated:  Creation of dynamic property PetAdoptionTablePlugin::$charset is deprecated in C:\xampp\htdocs\FICTIONAL-UNIVERSITY\wp-content\plugins\new-database-table\new-database-table.php on line 16
[20-Oct-2025 16:01:30 UTC] PHP Deprecated:  Creation of dynamic property PetAdoptionTablePlugin::$tablename is deprecated in C:\xampp\htdocs\FICTIONAL-UNIVERSITY\wp-content\plugins\new-database-table\new-database-table.php on line 17
[20-Oct-2025 16:01:37 UTC] PHP Deprecated:  Creation of dynamic property PetAdoptionTablePlugin::$charset is deprecated in C:\xampp\htdocs\FICTIONAL-UNIVERSITY\wp-content\plugins\new-database-table\new-database-table.php on line 16
[20-Oct-2025 16:01:37 UTC] PHP Deprecated:  Creation of dynamic property PetAdoptionTablePlugin::$tablename is deprecated in C:\xampp\htdocs\FICTIONAL-UNIVERSITY\wp-content\plugins\new-database-table\new-database-table.php on line 17
[20-Oct-2025 16:01:37 UTC] PHP Deprecated:  Creation of dynamic property PetAdoptionTablePlugin::$charset is deprecated in C:\xampp\htdocs\FICTIONAL-UNIVERSITY\wp-content\plugins\new-database-table\new-database-table.php on line 16
[20-Oct-2025 16:01:37 UTC] PHP Deprecated:  Creation of dynamic property PetAdoptionTablePlugin::$tablename is deprecated in C:\xampp\htdocs\FICTIONAL-UNIVERSITY\wp-content\plugins\new-database-table\new-database-table.php on line 17
[20-Oct-2025 16:01:41 UTC] PHP Deprecated:  Creation of dynamic property PetAdoptionTablePlugin::$charset is deprecated in C:\xampp\htdocs\FICTIONAL-UNIVERSITY\wp-content\plugins\new-database-table\new-database-table.php on line 16
[20-Oct-2025 16:01:41 UTC] PHP Deprecated:  Creation of dynamic property PetAdoptionTablePlugin::$tablename is deprecated in C:\xampp\htdocs\FICTIONAL-UNIVERSITY\wp-content\plugins\new-database-table\new-database-table.php on line 17
[20-Oct-2025 16:01:45 UTC] PHP Deprecated:  Creation of dynamic property PetAdoptionTablePlugin::$charset is deprecated in C:\xampp\htdocs\FICTIONAL-UNIVERSITY\wp-content\plugins\new-database-table\new-database-table.php on line 16
[20-Oct-2025 16:01:45 UTC] PHP Deprecated:  Creation of dynamic property PetAdoptionTablePlugin::$tablename is deprecated in C:\xampp\htdocs\FICTIONAL-UNIVERSITY\wp-content\plugins\new-database-table\new-database-table.php on line 17
[20-Oct-2025 16:01:48 UTC] PHP Deprecated:  Creation of dynamic property PetAdoptionTablePlugin::$charset is deprecated in C:\xampp\htdocs\FICTIONAL-UNIVERSITY\wp-content\plugins\new-database-table\new-database-table.php on line 16
[20-Oct-2025 16:01:48 UTC] PHP Deprecated:  Creation of dynamic property PetAdoptionTablePlugin::$tablename is deprecated in C:\xampp\htdocs\FICTIONAL-UNIVERSITY\wp-content\plugins\new-database-table\new-database-table.php on line 17
[20-Oct-2025 16:02:27 UTC] PHP Deprecated:  Creation of dynamic property PetAdoptionTablePlugin::$charset is deprecated in C:\xampp\htdocs\FICTIONAL-UNIVERSITY\wp-content\plugins\new-database-table\new-database-table.php on line 16
[20-Oct-2025 16:02:27 UTC] PHP Deprecated:  Creation of dynamic property PetAdoptionTablePlugin::$tablename is deprecated in C:\xampp\htdocs\FICTIONAL-UNIVERSITY\wp-content\plugins\new-database-table\new-database-table.php on line 17
[20-Oct-2025 16:02:48 UTC] PHP Deprecated:  Creation of dynamic property PetAdoptionTablePlugin::$charset is deprecated in C:\xampp\htdocs\FICTIONAL-UNIVERSITY\wp-content\plugins\new-database-table\new-database-table.php on line 16
[20-Oct-2025 16:02:48 UTC] PHP Deprecated:  Creation of dynamic property PetAdoptionTablePlugin::$tablename is deprecated in C:\xampp\htdocs\FICTIONAL-UNIVERSITY\wp-content\plugins\new-database-table\new-database-table.php on line 17
[20-Oct-2025 16:03:38 UTC] PHP Deprecated:  Creation of dynamic property PetAdoptionTablePlugin::$charset is deprecated in C:\xampp\htdocs\FICTIONAL-UNIVERSITY\wp-content\plugins\new-database-table\new-database-table.php on line 16
[20-Oct-2025 16:03:38 UTC] PHP Deprecated:  Creation of dynamic property PetAdoptionTablePlugin::$tablename is deprecated in C:\xampp\htdocs\FICTIONAL-UNIVERSITY\wp-content\plugins\new-database-table\new-database-table.php on line 17
[20-Oct-2025 16:03:48 UTC] PHP Deprecated:  Creation of dynamic property PetAdoptionTablePlugin::$charset is deprecated in C:\xampp\htdocs\FICTIONAL-UNIVERSITY\wp-content\plugins\new-database-table\new-database-table.php on line 16
[20-Oct-2025 16:03:48 UTC] PHP Deprecated:  Creation of dynamic property PetAdoptionTablePlugin::$tablename is deprecated in C:\xampp\htdocs\FICTIONAL-UNIVERSITY\wp-content\plugins\new-database-table\new-database-table.php on line 17
[20-Oct-2025 16:04:48 UTC] PHP Deprecated:  Creation of dynamic property PetAdoptionTablePlugin::$charset is deprecated in C:\xampp\htdocs\FICTIONAL-UNIVERSITY\wp-content\plugins\new-database-table\new-database-table.php on line 16
[20-Oct-2025 16:04:48 UTC] PHP Deprecated:  Creation of dynamic property PetAdoptionTablePlugin::$tablename is deprecated in C:\xampp\htdocs\FICTIONAL-UNIVERSITY\wp-content\plugins\new-database-table\new-database-table.php on line 17
[20-Oct-2025 16:05:39 UTC] PHP Deprecated:  Creation of dynamic property PetAdoptionTablePlugin::$charset is deprecated in C:\xampp\htdocs\FICTIONAL-UNIVERSITY\wp-content\plugins\new-database-table\new-database-table.php on line 16
[20-Oct-2025 16:05:39 UTC] PHP Deprecated:  Creation of dynamic property PetAdoptionTablePlugin::$tablename is deprecated in C:\xampp\htdocs\FICTIONAL-UNIVERSITY\wp-content\plugins\new-database-table\new-database-table.php on line 17
[20-Oct-2025 16:05:48 UTC] PHP Deprecated:  Creation of dynamic property PetAdoptionTablePlugin::$charset is deprecated in C:\xampp\htdocs\FICTIONAL-UNIVERSITY\wp-content\plugins\new-database-table\new-database-table.php on line 16
[20-Oct-2025 16:05:48 UTC] PHP Deprecated:  Creation of dynamic property PetAdoptionTablePlugin::$tablename is deprecated in C:\xampp\htdocs\FICTIONAL-UNIVERSITY\wp-content\plugins\new-database-table\new-database-table.php on line 17
[20-Oct-2025 16:06:48 UTC] PHP Deprecated:  Creation of dynamic property PetAdoptionTablePlugin::$charset is deprecated in C:\xampp\htdocs\FICTIONAL-UNIVERSITY\wp-content\plugins\new-database-table\new-database-table.php on line 16
[20-Oct-2025 16:06:48 UTC] PHP Deprecated:  Creation of dynamic property PetAdoptionTablePlugin::$tablename is deprecated in C:\xampp\htdocs\FICTIONAL-UNIVERSITY\wp-content\plugins\new-database-table\new-database-table.php on line 17
[20-Oct-2025 16:07:40 UTC] PHP Deprecated:  Creation of dynamic property PetAdoptionTablePlugin::$charset is deprecated in C:\xampp\htdocs\FICTIONAL-UNIVERSITY\wp-content\plugins\new-database-table\new-database-table.php on line 16
[20-Oct-2025 16:07:40 UTC] PHP Deprecated:  Creation of dynamic property PetAdoptionTablePlugin::$tablename is deprecated in C:\xampp\htdocs\FICTIONAL-UNIVERSITY\wp-content\plugins\new-database-table\new-database-table.php on line 17
[20-Oct-2025 16:08:49 UTC] PHP Deprecated:  Creation of dynamic property PetAdoptionTablePlugin::$charset is deprecated in C:\xampp\htdocs\FICTIONAL-UNIVERSITY\wp-content\plugins\new-database-table\new-database-table.php on line 16
[20-Oct-2025 16:08:49 UTC] PHP Deprecated:  Creation of dynamic property PetAdoptionTablePlugin::$tablename is deprecated in C:\xampp\htdocs\FICTIONAL-UNIVERSITY\wp-content\plugins\new-database-table\new-database-table.php on line 17
[20-Oct-2025 16:09:41 UTC] PHP Deprecated:  Creation of dynamic property PetAdoptionTablePlugin::$charset is deprecated in C:\xampp\htdocs\FICTIONAL-UNIVERSITY\wp-content\plugins\new-database-table\new-database-table.php on line 16
[20-Oct-2025 16:09:41 UTC] PHP Deprecated:  Creation of dynamic property PetAdoptionTablePlugin::$tablename is deprecated in C:\xampp\htdocs\FICTIONAL-UNIVERSITY\wp-content\plugins\new-database-table\new-database-table.php on line 17
[20-Oct-2025 16:10:50 UTC] PHP Deprecated:  Creation of dynamic property PetAdoptionTablePlugin::$charset is deprecated in C:\xampp\htdocs\FICTIONAL-UNIVERSITY\wp-content\plugins\new-database-table\new-database-table.php on line 16
[20-Oct-2025 16:10:50 UTC] PHP Deprecated:  Creation of dynamic property PetAdoptionTablePlugin::$tablename is deprecated in C:\xampp\htdocs\FICTIONAL-UNIVERSITY\wp-content\plugins\new-database-table\new-database-table.php on line 17
[20-Oct-2025 16:11:44 UTC] PHP Deprecated:  Creation of dynamic property PetAdoptionTablePlugin::$charset is deprecated in C:\xampp\htdocs\FICTIONAL-UNIVERSITY\wp-content\plugins\new-database-table\new-database-table.php on line 16
[20-Oct-2025 16:11:44 UTC] PHP Deprecated:  Creation of dynamic property PetAdoptionTablePlugin::$tablename is deprecated in C:\xampp\htdocs\FICTIONAL-UNIVERSITY\wp-content\plugins\new-database-table\new-database-table.php on line 17
[20-Oct-2025 16:12:51 UTC] PHP Deprecated:  Creation of dynamic property PetAdoptionTablePlugin::$charset is deprecated in C:\xampp\htdocs\FICTIONAL-UNIVERSITY\wp-content\plugins\new-database-table\new-database-table.php on line 16
[20-Oct-2025 16:12:51 UTC] PHP Deprecated:  Creation of dynamic property PetAdoptionTablePlugin::$tablename is deprecated in C:\xampp\htdocs\FICTIONAL-UNIVERSITY\wp-content\plugins\new-database-table\new-database-table.php on line 17
[20-Oct-2025 16:13:43 UTC] PHP Deprecated:  Creation of dynamic property PetAdoptionTablePlugin::$charset is deprecated in C:\xampp\htdocs\FICTIONAL-UNIVERSITY\wp-content\plugins\new-database-table\new-database-table.php on line 16
[20-Oct-2025 16:13:43 UTC] PHP Deprecated:  Creation of dynamic property PetAdoptionTablePlugin::$tablename is deprecated in C:\xampp\htdocs\FICTIONAL-UNIVERSITY\wp-content\plugins\new-database-table\new-database-table.php on line 17
[20-Oct-2025 16:14:52 UTC] PHP Deprecated:  Creation of dynamic property PetAdoptionTablePlugin::$charset is deprecated in C:\xampp\htdocs\FICTIONAL-UNIVERSITY\wp-content\plugins\new-database-table\new-database-table.php on line 16
[20-Oct-2025 16:14:52 UTC] PHP Deprecated:  Creation of dynamic property PetAdoptionTablePlugin::$tablename is deprecated in C:\xampp\htdocs\FICTIONAL-UNIVERSITY\wp-content\plugins\new-database-table\new-database-table.php on line 17
[20-Oct-2025 16:15:44 UTC] PHP Deprecated:  Creation of dynamic property PetAdoptionTablePlugin::$charset is deprecated in C:\xampp\htdocs\FICTIONAL-UNIVERSITY\wp-content\plugins\new-database-table\new-database-table.php on line 16
[20-Oct-2025 16:15:44 UTC] PHP Deprecated:  Creation of dynamic property PetAdoptionTablePlugin::$tablename is deprecated in C:\xampp\htdocs\FICTIONAL-UNIVERSITY\wp-content\plugins\new-database-table\new-database-table.php on line 17
[20-Oct-2025 16:15:46 UTC] PHP Deprecated:  Creation of dynamic property PetAdoptionTablePlugin::$charset is deprecated in C:\xampp\htdocs\FICTIONAL-UNIVERSITY\wp-content\plugins\new-database-table\new-database-table.php on line 16
[20-Oct-2025 16:15:46 UTC] PHP Deprecated:  Creation of dynamic property PetAdoptionTablePlugin::$tablename is deprecated in C:\xampp\htdocs\FICTIONAL-UNIVERSITY\wp-content\plugins\new-database-table\new-database-table.php on line 17
[20-Oct-2025 16:16:53 UTC] PHP Deprecated:  Creation of dynamic property PetAdoptionTablePlugin::$charset is deprecated in C:\xampp\htdocs\FICTIONAL-UNIVERSITY\wp-content\plugins\new-database-table\new-database-table.php on line 16
[20-Oct-2025 16:16:53 UTC] PHP Deprecated:  Creation of dynamic property PetAdoptionTablePlugin::$tablename is deprecated in C:\xampp\htdocs\FICTIONAL-UNIVERSITY\wp-content\plugins\new-database-table\new-database-table.php on line 17
[20-Oct-2025 16:17:45 UTC] PHP Deprecated:  Creation of dynamic property PetAdoptionTablePlugin::$charset is deprecated in C:\xampp\htdocs\FICTIONAL-UNIVERSITY\wp-content\plugins\new-database-table\new-database-table.php on line 16
[20-Oct-2025 16:17:45 UTC] PHP Deprecated:  Creation of dynamic property PetAdoptionTablePlugin::$tablename is deprecated in C:\xampp\htdocs\FICTIONAL-UNIVERSITY\wp-content\plugins\new-database-table\new-database-table.php on line 17
[20-Oct-2025 16:18:54 UTC] PHP Deprecated:  Creation of dynamic property PetAdoptionTablePlugin::$charset is deprecated in C:\xampp\htdocs\FICTIONAL-UNIVERSITY\wp-content\plugins\new-database-table\new-database-table.php on line 16
[20-Oct-2025 16:18:54 UTC] PHP Deprecated:  Creation of dynamic property PetAdoptionTablePlugin::$tablename is deprecated in C:\xampp\htdocs\FICTIONAL-UNIVERSITY\wp-content\plugins\new-database-table\new-database-table.php on line 17
[20-Oct-2025 16:19:46 UTC] PHP Deprecated:  Creation of dynamic property PetAdoptionTablePlugin::$charset is deprecated in C:\xampp\htdocs\FICTIONAL-UNIVERSITY\wp-content\plugins\new-database-table\new-database-table.php on line 16
[20-Oct-2025 16:19:46 UTC] PHP Deprecated:  Creation of dynamic property PetAdoptionTablePlugin::$tablename is deprecated in C:\xampp\htdocs\FICTIONAL-UNIVERSITY\wp-content\plugins\new-database-table\new-database-table.php on line 17
[20-Oct-2025 16:20:55 UTC] PHP Deprecated:  Creation of dynamic property PetAdoptionTablePlugin::$charset is deprecated in C:\xampp\htdocs\FICTIONAL-UNIVERSITY\wp-content\plugins\new-database-table\new-database-table.php on line 16
[20-Oct-2025 16:20:55 UTC] PHP Deprecated:  Creation of dynamic property PetAdoptionTablePlugin::$tablename is deprecated in C:\xampp\htdocs\FICTIONAL-UNIVERSITY\wp-content\plugins\new-database-table\new-database-table.php on line 17
[20-Oct-2025 16:21:47 UTC] PHP Deprecated:  Creation of dynamic property PetAdoptionTablePlugin::$charset is deprecated in C:\xampp\htdocs\FICTIONAL-UNIVERSITY\wp-content\plugins\new-database-table\new-database-table.php on line 16
[20-Oct-2025 16:21:47 UTC] PHP Deprecated:  Creation of dynamic property PetAdoptionTablePlugin::$tablename is deprecated in C:\xampp\htdocs\FICTIONAL-UNIVERSITY\wp-content\plugins\new-database-table\new-database-table.php on line 17
[20-Oct-2025 16:22:56 UTC] PHP Deprecated:  Creation of dynamic property PetAdoptionTablePlugin::$charset is deprecated in C:\xampp\htdocs\FICTIONAL-UNIVERSITY\wp-content\plugins\new-database-table\new-database-table.php on line 16
[20-Oct-2025 16:22:56 UTC] PHP Deprecated:  Creation of dynamic property PetAdoptionTablePlugin::$tablename is deprecated in C:\xampp\htdocs\FICTIONAL-UNIVERSITY\wp-content\plugins\new-database-table\new-database-table.php on line 17
[20-Oct-2025 16:23:48 UTC] PHP Deprecated:  Creation of dynamic property PetAdoptionTablePlugin::$charset is deprecated in C:\xampp\htdocs\FICTIONAL-UNIVERSITY\wp-content\plugins\new-database-table\new-database-table.php on line 16
[20-Oct-2025 16:23:48 UTC] PHP Deprecated:  Creation of dynamic property PetAdoptionTablePlugin::$tablename is deprecated in C:\xampp\htdocs\FICTIONAL-UNIVERSITY\wp-content\plugins\new-database-table\new-database-table.php on line 17
[20-Oct-2025 16:24:57 UTC] PHP Deprecated:  Creation of dynamic property PetAdoptionTablePlugin::$charset is deprecated in C:\xampp\htdocs\FICTIONAL-UNIVERSITY\wp-content\plugins\new-database-table\new-database-table.php on line 16
[20-Oct-2025 16:24:57 UTC] PHP Deprecated:  Creation of dynamic property PetAdoptionTablePlugin::$tablename is deprecated in C:\xampp\htdocs\FICTIONAL-UNIVERSITY\wp-content\plugins\new-database-table\new-database-table.php on line 17
[20-Oct-2025 16:25:49 UTC] PHP Deprecated:  Creation of dynamic property PetAdoptionTablePlugin::$charset is deprecated in C:\xampp\htdocs\FICTIONAL-UNIVERSITY\wp-content\plugins\new-database-table\new-database-table.php on line 16
[20-Oct-2025 16:25:49 UTC] PHP Deprecated:  Creation of dynamic property PetAdoptionTablePlugin::$tablename is deprecated in C:\xampp\htdocs\FICTIONAL-UNIVERSITY\wp-content\plugins\new-database-table\new-database-table.php on line 17
[20-Oct-2025 16:26:58 UTC] PHP Deprecated:  Creation of dynamic property PetAdoptionTablePlugin::$charset is deprecated in C:\xampp\htdocs\FICTIONAL-UNIVERSITY\wp-content\plugins\new-database-table\new-database-table.php on line 16
[20-Oct-2025 16:26:58 UTC] PHP Deprecated:  Creation of dynamic property PetAdoptionTablePlugin::$tablename is deprecated in C:\xampp\htdocs\FICTIONAL-UNIVERSITY\wp-content\plugins\new-database-table\new-database-table.php on line 17
[20-Oct-2025 16:27:00 UTC] PHP Deprecated:  Creation of dynamic property PetAdoptionTablePlugin::$charset is deprecated in C:\xampp\htdocs\FICTIONAL-UNIVERSITY\wp-content\plugins\new-database-table\new-database-table.php on line 16
[20-Oct-2025 16:27:00 UTC] PHP Deprecated:  Creation of dynamic property PetAdoptionTablePlugin::$tablename is deprecated in C:\xampp\htdocs\FICTIONAL-UNIVERSITY\wp-content\plugins\new-database-table\new-database-table.php on line 17
[20-Oct-2025 16:27:50 UTC] PHP Deprecated:  Creation of dynamic property PetAdoptionTablePlugin::$charset is deprecated in C:\xampp\htdocs\FICTIONAL-UNIVERSITY\wp-content\plugins\new-database-table\new-database-table.php on line 16
[20-Oct-2025 16:27:50 UTC] PHP Deprecated:  Creation of dynamic property PetAdoptionTablePlugin::$tablename is deprecated in C:\xampp\htdocs\FICTIONAL-UNIVERSITY\wp-content\plugins\new-database-table\new-database-table.php on line 17
[20-Oct-2025 16:27:59 UTC] PHP Deprecated:  Creation of dynamic property PetAdoptionTablePlugin::$charset is deprecated in C:\xampp\htdocs\FICTIONAL-UNIVERSITY\wp-content\plugins\new-database-table\new-database-table.php on line 16
[20-Oct-2025 16:27:59 UTC] PHP Deprecated:  Creation of dynamic property PetAdoptionTablePlugin::$tablename is deprecated in C:\xampp\htdocs\FICTIONAL-UNIVERSITY\wp-content\plugins\new-database-table\new-database-table.php on line 17
[20-Oct-2025 16:29:51 UTC] PHP Deprecated:  Creation of dynamic property PetAdoptionTablePlugin::$charset is deprecated in C:\xampp\htdocs\FICTIONAL-UNIVERSITY\wp-content\plugins\new-database-table\new-database-table.php on line 16
[20-Oct-2025 16:29:51 UTC] PHP Deprecated:  Creation of dynamic property PetAdoptionTablePlugin::$tablename is deprecated in C:\xampp\htdocs\FICTIONAL-UNIVERSITY\wp-content\plugins\new-database-table\new-database-table.php on line 17
[20-Oct-2025 16:30:00 UTC] PHP Deprecated:  Creation of dynamic property PetAdoptionTablePlugin::$charset is deprecated in C:\xampp\htdocs\FICTIONAL-UNIVERSITY\wp-content\plugins\new-database-table\new-database-table.php on line 16
[20-Oct-2025 16:30:00 UTC] PHP Deprecated:  Creation of dynamic property PetAdoptionTablePlugin::$tablename is deprecated in C:\xampp\htdocs\FICTIONAL-UNIVERSITY\wp-content\plugins\new-database-table\new-database-table.php on line 17
[20-Oct-2025 16:31:52 UTC] PHP Deprecated:  Creation of dynamic property PetAdoptionTablePlugin::$charset is deprecated in C:\xampp\htdocs\FICTIONAL-UNIVERSITY\wp-content\plugins\new-database-table\new-database-table.php on line 16
[20-Oct-2025 16:31:52 UTC] PHP Deprecated:  Creation of dynamic property PetAdoptionTablePlugin::$tablename is deprecated in C:\xampp\htdocs\FICTIONAL-UNIVERSITY\wp-content\plugins\new-database-table\new-database-table.php on line 17
[20-Oct-2025 16:32:01 UTC] PHP Deprecated:  Creation of dynamic property PetAdoptionTablePlugin::$charset is deprecated in C:\xampp\htdocs\FICTIONAL-UNIVERSITY\wp-content\plugins\new-database-table\new-database-table.php on line 16
[20-Oct-2025 16:32:01 UTC] PHP Deprecated:  Creation of dynamic property PetAdoptionTablePlugin::$tablename is deprecated in C:\xampp\htdocs\FICTIONAL-UNIVERSITY\wp-content\plugins\new-database-table\new-database-table.php on line 17
[20-Oct-2025 16:33:53 UTC] PHP Deprecated:  Creation of dynamic property PetAdoptionTablePlugin::$charset is deprecated in C:\xampp\htdocs\FICTIONAL-UNIVERSITY\wp-content\plugins\new-database-table\new-database-table.php on line 16
[20-Oct-2025 16:33:53 UTC] PHP Deprecated:  Creation of dynamic property PetAdoptionTablePlugin::$tablename is deprecated in C:\xampp\htdocs\FICTIONAL-UNIVERSITY\wp-content\plugins\new-database-table\new-database-table.php on line 17
[20-Oct-2025 16:33:57 UTC] PHP Deprecated:  Creation of dynamic property PetAdoptionTablePlugin::$charset is deprecated in C:\xampp\htdocs\FICTIONAL-UNIVERSITY\wp-content\plugins\new-database-table\new-database-table.php on line 16
[20-Oct-2025 16:33:57 UTC] PHP Deprecated:  Creation of dynamic property PetAdoptionTablePlugin::$tablename is deprecated in C:\xampp\htdocs\FICTIONAL-UNIVERSITY\wp-content\plugins\new-database-table\new-database-table.php on line 17
[20-Oct-2025 16:34:58 UTC] PHP Deprecated:  Creation of dynamic property PetAdoptionTablePlugin::$charset is deprecated in C:\xampp\htdocs\FICTIONAL-UNIVERSITY\wp-content\plugins\new-database-table\new-database-table.php on line 16
[20-Oct-2025 16:34:58 UTC] PHP Deprecated:  Creation of dynamic property PetAdoptionTablePlugin::$tablename is deprecated in C:\xampp\htdocs\FICTIONAL-UNIVERSITY\wp-content\plugins\new-database-table\new-database-table.php on line 17
[20-Oct-2025 16:35:33 UTC] PHP Deprecated:  Creation of dynamic property PetAdoptionTablePlugin::$charset is deprecated in C:\xampp\htdocs\FICTIONAL-UNIVERSITY\wp-content\plugins\new-database-table\new-database-table.php on line 16
[20-Oct-2025 16:35:33 UTC] PHP Deprecated:  Creation of dynamic property PetAdoptionTablePlugin::$tablename is deprecated in C:\xampp\htdocs\FICTIONAL-UNIVERSITY\wp-content\plugins\new-database-table\new-database-table.php on line 17
[20-Oct-2025 16:35:35 UTC] PHP Deprecated:  Creation of dynamic property PetAdoptionTablePlugin::$charset is deprecated in C:\xampp\htdocs\FICTIONAL-UNIVERSITY\wp-content\plugins\new-database-table\new-database-table.php on line 16
[20-Oct-2025 16:35:35 UTC] PHP Deprecated:  Creation of dynamic property PetAdoptionTablePlugin::$tablename is deprecated in C:\xampp\htdocs\FICTIONAL-UNIVERSITY\wp-content\plugins\new-database-table\new-database-table.php on line 17
[20-Oct-2025 16:35:39 UTC] PHP Deprecated:  Creation of dynamic property PetAdoptionTablePlugin::$charset is deprecated in C:\xampp\htdocs\FICTIONAL-UNIVERSITY\wp-content\plugins\new-database-table\new-database-table.php on line 16
[20-Oct-2025 16:35:39 UTC] PHP Deprecated:  Creation of dynamic property PetAdoptionTablePlugin::$tablename is deprecated in C:\xampp\htdocs\FICTIONAL-UNIVERSITY\wp-content\plugins\new-database-table\new-database-table.php on line 17
[20-Oct-2025 16:35:54 UTC] PHP Deprecated:  Creation of dynamic property PetAdoptionTablePlugin::$charset is deprecated in C:\xampp\htdocs\FICTIONAL-UNIVERSITY\wp-content\plugins\new-database-table\new-database-table.php on line 16
[20-Oct-2025 16:35:54 UTC] PHP Deprecated:  Creation of dynamic property PetAdoptionTablePlugin::$tablename is deprecated in C:\xampp\htdocs\FICTIONAL-UNIVERSITY\wp-content\plugins\new-database-table\new-database-table.php on line 17
[20-Oct-2025 16:36:04 UTC] PHP Deprecated:  Creation of dynamic property PetAdoptionTablePlugin::$charset is deprecated in C:\xampp\htdocs\FICTIONAL-UNIVERSITY\wp-content\plugins\new-database-table\new-database-table.php on line 16
[20-Oct-2025 16:36:04 UTC] PHP Deprecated:  Creation of dynamic property PetAdoptionTablePlugin::$tablename is deprecated in C:\xampp\htdocs\FICTIONAL-UNIVERSITY\wp-content\plugins\new-database-table\new-database-table.php on line 17
[20-Oct-2025 16:36:06 UTC] PHP Deprecated:  Creation of dynamic property PetAdoptionTablePlugin::$charset is deprecated in C:\xampp\htdocs\FICTIONAL-UNIVERSITY\wp-content\plugins\new-database-table\new-database-table.php on line 16
[20-Oct-2025 16:36:06 UTC] PHP Deprecated:  Creation of dynamic property PetAdoptionTablePlugin::$tablename is deprecated in C:\xampp\htdocs\FICTIONAL-UNIVERSITY\wp-content\plugins\new-database-table\new-database-table.php on line 17
[20-Oct-2025 16:36:08 UTC] PHP Deprecated:  Creation of dynamic property PetAdoptionTablePlugin::$charset is deprecated in C:\xampp\htdocs\FICTIONAL-UNIVERSITY\wp-content\plugins\new-database-table\new-database-table.php on line 16
[20-Oct-2025 16:36:08 UTC] PHP Deprecated:  Creation of dynamic property PetAdoptionTablePlugin::$tablename is deprecated in C:\xampp\htdocs\FICTIONAL-UNIVERSITY\wp-content\plugins\new-database-table\new-database-table.php on line 17
[20-Oct-2025 16:36:18 UTC] PHP Deprecated:  Creation of dynamic property PetAdoptionTablePlugin::$charset is deprecated in C:\xampp\htdocs\FICTIONAL-UNIVERSITY\wp-content\plugins\new-database-table\new-database-table.php on line 16
[20-Oct-2025 16:36:18 UTC] PHP Deprecated:  Creation of dynamic property PetAdoptionTablePlugin::$tablename is deprecated in C:\xampp\htdocs\FICTIONAL-UNIVERSITY\wp-content\plugins\new-database-table\new-database-table.php on line 17
[20-Oct-2025 16:36:49 UTC] PHP Deprecated:  Creation of dynamic property PetAdoptionTablePlugin::$charset is deprecated in C:\xampp\htdocs\FICTIONAL-UNIVERSITY\wp-content\plugins\new-database-table\new-database-table.php on line 16
[20-Oct-2025 16:36:49 UTC] PHP Deprecated:  Creation of dynamic property PetAdoptionTablePlugin::$tablename is deprecated in C:\xampp\htdocs\FICTIONAL-UNIVERSITY\wp-content\plugins\new-database-table\new-database-table.php on line 17
[20-Oct-2025 16:36:54 UTC] PHP Deprecated:  Creation of dynamic property PetAdoptionTablePlugin::$charset is deprecated in C:\xampp\htdocs\FICTIONAL-UNIVERSITY\wp-content\plugins\new-database-table\new-database-table.php on line 16
[20-Oct-2025 16:36:54 UTC] PHP Deprecated:  Creation of dynamic property PetAdoptionTablePlugin::$tablename is deprecated in C:\xampp\htdocs\FICTIONAL-UNIVERSITY\wp-content\plugins\new-database-table\new-database-table.php on line 17
[20-Oct-2025 16:36:58 UTC] PHP Deprecated:  Creation of dynamic property PetAdoptionTablePlugin::$charset is deprecated in C:\xampp\htdocs\FICTIONAL-UNIVERSITY\wp-content\plugins\new-database-table\new-database-table.php on line 16
[20-Oct-2025 16:36:58 UTC] PHP Deprecated:  Creation of dynamic property PetAdoptionTablePlugin::$tablename is deprecated in C:\xampp\htdocs\FICTIONAL-UNIVERSITY\wp-content\plugins\new-database-table\new-database-table.php on line 17
[20-Oct-2025 16:37:03 UTC] PHP Deprecated:  Creation of dynamic property PetAdoptionTablePlugin::$charset is deprecated in C:\xampp\htdocs\FICTIONAL-UNIVERSITY\wp-content\plugins\new-database-table\new-database-table.php on line 16
[20-Oct-2025 16:37:03 UTC] PHP Deprecated:  Creation of dynamic property PetAdoptionTablePlugin::$tablename is deprecated in C:\xampp\htdocs\FICTIONAL-UNIVERSITY\wp-content\plugins\new-database-table\new-database-table.php on line 17
[20-Oct-2025 16:37:05 UTC] PHP Deprecated:  Creation of dynamic property PetAdoptionTablePlugin::$charset is deprecated in C:\xampp\htdocs\FICTIONAL-UNIVERSITY\wp-content\plugins\new-database-table\new-database-table.php on line 16
[20-Oct-2025 16:37:05 UTC] PHP Deprecated:  Creation of dynamic property PetAdoptionTablePlugin::$tablename is deprecated in C:\xampp\htdocs\FICTIONAL-UNIVERSITY\wp-content\plugins\new-database-table\new-database-table.php on line 17
[20-Oct-2025 16:37:08 UTC] PHP Deprecated:  Creation of dynamic property PetAdoptionTablePlugin::$charset is deprecated in C:\xampp\htdocs\FICTIONAL-UNIVERSITY\wp-content\plugins\new-database-table\new-database-table.php on line 16
[20-Oct-2025 16:37:08 UTC] PHP Deprecated:  Creation of dynamic property PetAdoptionTablePlugin::$tablename is deprecated in C:\xampp\htdocs\FICTIONAL-UNIVERSITY\wp-content\plugins\new-database-table\new-database-table.php on line 17
[20-Oct-2025 16:37:10 UTC] PHP Deprecated:  Creation of dynamic property PetAdoptionTablePlugin::$charset is deprecated in C:\xampp\htdocs\FICTIONAL-UNIVERSITY\wp-content\plugins\new-database-table\new-database-table.php on line 16
[20-Oct-2025 16:37:10 UTC] PHP Deprecated:  Creation of dynamic property PetAdoptionTablePlugin::$tablename is deprecated in C:\xampp\htdocs\FICTIONAL-UNIVERSITY\wp-content\plugins\new-database-table\new-database-table.php on line 17
[20-Oct-2025 16:37:33 UTC] PHP Deprecated:  Creation of dynamic property PetAdoptionTablePlugin::$charset is deprecated in C:\xampp\htdocs\FICTIONAL-UNIVERSITY\wp-content\plugins\new-database-table\new-database-table.php on line 16
[20-Oct-2025 16:37:33 UTC] PHP Deprecated:  Creation of dynamic property PetAdoptionTablePlugin::$tablename is deprecated in C:\xampp\htdocs\FICTIONAL-UNIVERSITY\wp-content\plugins\new-database-table\new-database-table.php on line 17
[20-Oct-2025 16:37:39 UTC] PHP Deprecated:  Creation of dynamic property PetAdoptionTablePlugin::$charset is deprecated in C:\xampp\htdocs\FICTIONAL-UNIVERSITY\wp-content\plugins\new-database-table\new-database-table.php on line 16
[20-Oct-2025 16:37:39 UTC] PHP Deprecated:  Creation of dynamic property PetAdoptionTablePlugin::$tablename is deprecated in C:\xampp\htdocs\FICTIONAL-UNIVERSITY\wp-content\plugins\new-database-table\new-database-table.php on line 17
[20-Oct-2025 16:37:40 UTC] PHP Deprecated:  Creation of dynamic property PetAdoptionTablePlugin::$charset is deprecated in C:\xampp\htdocs\FICTIONAL-UNIVERSITY\wp-content\plugins\new-database-table\new-database-table.php on line 16
[20-Oct-2025 16:37:40 UTC] PHP Deprecated:  Creation of dynamic property PetAdoptionTablePlugin::$tablename is deprecated in C:\xampp\htdocs\FICTIONAL-UNIVERSITY\wp-content\plugins\new-database-table\new-database-table.php on line 17
[20-Oct-2025 16:37:41 UTC] PHP Deprecated:  Creation of dynamic property PetAdoptionTablePlugin::$charset is deprecated in C:\xampp\htdocs\FICTIONAL-UNIVERSITY\wp-content\plugins\new-database-table\new-database-table.php on line 16
[20-Oct-2025 16:37:41 UTC] PHP Deprecated:  Creation of dynamic property PetAdoptionTablePlugin::$tablename is deprecated in C:\xampp\htdocs\FICTIONAL-UNIVERSITY\wp-content\plugins\new-database-table\new-database-table.php on line 17
[20-Oct-2025 16:37:43 UTC] PHP Deprecated:  Creation of dynamic property PetAdoptionTablePlugin::$charset is deprecated in C:\xampp\htdocs\FICTIONAL-UNIVERSITY\wp-content\plugins\new-database-table\new-database-table.php on line 16
[20-Oct-2025 16:37:43 UTC] PHP Deprecated:  Creation of dynamic property PetAdoptionTablePlugin::$tablename is deprecated in C:\xampp\htdocs\FICTIONAL-UNIVERSITY\wp-content\plugins\new-database-table\new-database-table.php on line 17
[20-Oct-2025 16:37:44 UTC] PHP Deprecated:  Creation of dynamic property PetAdoptionTablePlugin::$charset is deprecated in C:\xampp\htdocs\FICTIONAL-UNIVERSITY\wp-content\plugins\new-database-table\new-database-table.php on line 16
[20-Oct-2025 16:37:44 UTC] PHP Deprecated:  Creation of dynamic property PetAdoptionTablePlugin::$tablename is deprecated in C:\xampp\htdocs\FICTIONAL-UNIVERSITY\wp-content\plugins\new-database-table\new-database-table.php on line 17
[20-Oct-2025 16:37:45 UTC] PHP Deprecated:  Creation of dynamic property PetAdoptionTablePlugin::$charset is deprecated in C:\xampp\htdocs\FICTIONAL-UNIVERSITY\wp-content\plugins\new-database-table\new-database-table.php on line 16
[20-Oct-2025 16:37:45 UTC] PHP Deprecated:  Creation of dynamic property PetAdoptionTablePlugin::$tablename is deprecated in C:\xampp\htdocs\FICTIONAL-UNIVERSITY\wp-content\plugins\new-database-table\new-database-table.php on line 17
[20-Oct-2025 16:37:55 UTC] PHP Deprecated:  Creation of dynamic property PetAdoptionTablePlugin::$charset is deprecated in C:\xampp\htdocs\FICTIONAL-UNIVERSITY\wp-content\plugins\new-database-table\new-database-table.php on line 16
[20-Oct-2025 16:37:55 UTC] PHP Deprecated:  Creation of dynamic property PetAdoptionTablePlugin::$tablename is deprecated in C:\xampp\htdocs\FICTIONAL-UNIVERSITY\wp-content\plugins\new-database-table\new-database-table.php on line 17
[20-Oct-2025 16:38:02 UTC] PHP Deprecated:  Creation of dynamic property PetAdoptionTablePlugin::$charset is deprecated in C:\xampp\htdocs\FICTIONAL-UNIVERSITY\wp-content\plugins\new-database-table\new-database-table.php on line 16
[20-Oct-2025 16:38:02 UTC] PHP Deprecated:  Creation of dynamic property PetAdoptionTablePlugin::$tablename is deprecated in C:\xampp\htdocs\FICTIONAL-UNIVERSITY\wp-content\plugins\new-database-table\new-database-table.php on line 17
[20-Oct-2025 16:38:03 UTC] [Loco.debug] "Wrote backup: featured-professor-es_ES.po -> featured-professor-es_ES-backup-202510201638030.po~" in src/gettext/Compiler.php:75
[20-Oct-2025 16:38:03 UTC] [Loco.debug] "Skipping JSON for src/index.js; no translations" in src/gettext/Compiler.php:202
[20-Oct-2025 16:38:08 UTC] PHP Deprecated:  Creation of dynamic property PetAdoptionTablePlugin::$charset is deprecated in C:\xampp\htdocs\FICTIONAL-UNIVERSITY\wp-content\plugins\new-database-table\new-database-table.php on line 16
[20-Oct-2025 16:38:08 UTC] PHP Deprecated:  Creation of dynamic property PetAdoptionTablePlugin::$tablename is deprecated in C:\xampp\htdocs\FICTIONAL-UNIVERSITY\wp-content\plugins\new-database-table\new-database-table.php on line 17
[20-Oct-2025 16:38:32 UTC] PHP Deprecated:  Creation of dynamic property PetAdoptionTablePlugin::$charset is deprecated in C:\xampp\htdocs\FICTIONAL-UNIVERSITY\wp-content\plugins\new-database-table\new-database-table.php on line 16
[20-Oct-2025 16:38:32 UTC] PHP Deprecated:  Creation of dynamic property PetAdoptionTablePlugin::$tablename is deprecated in C:\xampp\htdocs\FICTIONAL-UNIVERSITY\wp-content\plugins\new-database-table\new-database-table.php on line 17
[20-Oct-2025 16:38:32 UTC] [Loco.debug] "Wrote backup: featured-professor-es_ES.po -> featured-professor-es_ES-backup-202510201638320.po~" in src/gettext/Compiler.php:75
[20-Oct-2025 16:38:46 UTC] PHP Deprecated:  Creation of dynamic property PetAdoptionTablePlugin::$charset is deprecated in C:\xampp\htdocs\FICTIONAL-UNIVERSITY\wp-content\plugins\new-database-table\new-database-table.php on line 16
[20-Oct-2025 16:38:46 UTC] PHP Deprecated:  Creation of dynamic property PetAdoptionTablePlugin::$tablename is deprecated in C:\xampp\htdocs\FICTIONAL-UNIVERSITY\wp-content\plugins\new-database-table\new-database-table.php on line 17
[20-Oct-2025 16:39:35 UTC] PHP Deprecated:  Creation of dynamic property PetAdoptionTablePlugin::$charset is deprecated in C:\xampp\htdocs\FICTIONAL-UNIVERSITY\wp-content\plugins\new-database-table\new-database-table.php on line 16
[20-Oct-2025 16:39:35 UTC] PHP Deprecated:  Creation of dynamic property PetAdoptionTablePlugin::$tablename is deprecated in C:\xampp\htdocs\FICTIONAL-UNIVERSITY\wp-content\plugins\new-database-table\new-database-table.php on line 17
[20-Oct-2025 16:39:38 UTC] PHP Deprecated:  Creation of dynamic property PetAdoptionTablePlugin::$charset is deprecated in C:\xampp\htdocs\FICTIONAL-UNIVERSITY\wp-content\plugins\new-database-table\new-database-table.php on line 16
[20-Oct-2025 16:39:38 UTC] PHP Deprecated:  Creation of dynamic property PetAdoptionTablePlugin::$tablename is deprecated in C:\xampp\htdocs\FICTIONAL-UNIVERSITY\wp-content\plugins\new-database-table\new-database-table.php on line 17
[20-Oct-2025 16:39:39 UTC] PHP Deprecated:  Creation of dynamic property PetAdoptionTablePlugin::$charset is deprecated in C:\xampp\htdocs\FICTIONAL-UNIVERSITY\wp-content\plugins\new-database-table\new-database-table.php on line 16
[20-Oct-2025 16:39:39 UTC] PHP Deprecated:  Creation of dynamic property PetAdoptionTablePlugin::$tablename is deprecated in C:\xampp\htdocs\FICTIONAL-UNIVERSITY\wp-content\plugins\new-database-table\new-database-table.php on line 17
[20-Oct-2025 16:39:40 UTC] PHP Notice:  La función register_rest_route ha sido llamada <strong>de forma incorrecta</strong>. A la definición de ruta de la API REST para <code>featuredProfessor/v1/getHTML</code> le falta el argumento <code>permission_callback</code> necesario. Para las rutas de la API REST que están pensadas para a ser públicas, usa <code>__return_true</code> como la llamada de permiso. Por favor, ve <a href="https://developer.wordpress.org/advanced-administration/debug/debug-wordpress/">depuración en WordPress</a> para más información. (Este mensaje fue añadido en la versión 5.5.0). in C:\xampp\htdocs\FICTIONAL-UNIVERSITY\wp-includes\functions.php on line 6121
[20-Oct-2025 16:39:40 UTC] PHP Notice:  La función register_rest_route ha sido llamada <strong>de forma incorrecta</strong>. A la definición de ruta de la API REST para <code>university/v1/manageLike</code> le falta el argumento <code>permission_callback</code> necesario. Para las rutas de la API REST que están pensadas para a ser públicas, usa <code>__return_true</code> como la llamada de permiso. Por favor, ve <a href="https://developer.wordpress.org/advanced-administration/debug/debug-wordpress/">depuración en WordPress</a> para más información. (Este mensaje fue añadido en la versión 5.5.0). in C:\xampp\htdocs\FICTIONAL-UNIVERSITY\wp-includes\functions.php on line 6121
[20-Oct-2025 16:39:40 UTC] PHP Notice:  La función register_rest_route ha sido llamada <strong>de forma incorrecta</strong>. A la definición de ruta de la API REST para <code>university/v1/manageLike</code> le falta el argumento <code>permission_callback</code> necesario. Para las rutas de la API REST que están pensadas para a ser públicas, usa <code>__return_true</code> como la llamada de permiso. Por favor, ve <a href="https://developer.wordpress.org/advanced-administration/debug/debug-wordpress/">depuración en WordPress</a> para más información. (Este mensaje fue añadido en la versión 5.5.0). in C:\xampp\htdocs\FICTIONAL-UNIVERSITY\wp-includes\functions.php on line 6121
[20-Oct-2025 16:39:40 UTC] PHP Notice:  La función register_rest_route ha sido llamada <strong>de forma incorrecta</strong>. A la definición de ruta de la API REST para <code>university/v1/search</code> le falta el argumento <code>permission_callback</code> necesario. Para las rutas de la API REST que están pensadas para a ser públicas, usa <code>__return_true</code> como la llamada de permiso. Por favor, ve <a href="https://developer.wordpress.org/advanced-administration/debug/debug-wordpress/">depuración en WordPress</a> para más información. (Este mensaje fue añadido en la versión 5.5.0). in C:\xampp\htdocs\FICTIONAL-UNIVERSITY\wp-includes\functions.php on line 6121
[20-Oct-2025 16:39:42 UTC] PHP Deprecated:  Creation of dynamic property PetAdoptionTablePlugin::$charset is deprecated in C:\xampp\htdocs\FICTIONAL-UNIVERSITY\wp-content\plugins\new-database-table\new-database-table.php on line 16
[20-Oct-2025 16:39:42 UTC] PHP Deprecated:  Creation of dynamic property PetAdoptionTablePlugin::$tablename is deprecated in C:\xampp\htdocs\FICTIONAL-UNIVERSITY\wp-content\plugins\new-database-table\new-database-table.php on line 17
[20-Oct-2025 16:39:42 UTC] PHP Deprecated:  Creation of dynamic property PetAdoptionTablePlugin::$charset is deprecated in C:\xampp\htdocs\FICTIONAL-UNIVERSITY\wp-content\plugins\new-database-table\new-database-table.php on line 16
[20-Oct-2025 16:39:42 UTC] PHP Deprecated:  Creation of dynamic property PetAdoptionTablePlugin::$tablename is deprecated in C:\xampp\htdocs\FICTIONAL-UNIVERSITY\wp-content\plugins\new-database-table\new-database-table.php on line 17
[20-Oct-2025 16:39:42 UTC] PHP Deprecated:  Creation of dynamic property PetAdoptionTablePlugin::$charset is deprecated in C:\xampp\htdocs\FICTIONAL-UNIVERSITY\wp-content\plugins\new-database-table\new-database-table.php on line 16
[20-Oct-2025 16:39:42 UTC] PHP Deprecated:  Creation of dynamic property PetAdoptionTablePlugin::$tablename is deprecated in C:\xampp\htdocs\FICTIONAL-UNIVERSITY\wp-content\plugins\new-database-table\new-database-table.php on line 17
[20-Oct-2025 16:39:42 UTC] PHP Deprecated:  Creation of dynamic property PetAdoptionTablePlugin::$charset is deprecated in C:\xampp\htdocs\FICTIONAL-UNIVERSITY\wp-content\plugins\new-database-table\new-database-table.php on line 16
[20-Oct-2025 16:39:42 UTC] PHP Deprecated:  Creation of dynamic property PetAdoptionTablePlugin::$tablename is deprecated in C:\xampp\htdocs\FICTIONAL-UNIVERSITY\wp-content\plugins\new-database-table\new-database-table.php on line 17
[20-Oct-2025 16:39:43 UTC] PHP Deprecated:  Creation of dynamic property PetAdoptionTablePlugin::$charset is deprecated in C:\xampp\htdocs\FICTIONAL-UNIVERSITY\wp-content\plugins\new-database-table\new-database-table.php on line 16
[20-Oct-2025 16:39:43 UTC] PHP Deprecated:  Creation of dynamic property PetAdoptionTablePlugin::$tablename is deprecated in C:\xampp\htdocs\FICTIONAL-UNIVERSITY\wp-content\plugins\new-database-table\new-database-table.php on line 17
[20-Oct-2025 16:39:45 UTC] PHP Deprecated:  Creation of dynamic property PetAdoptionTablePlugin::$charset is deprecated in C:\xampp\htdocs\FICTIONAL-UNIVERSITY\wp-content\plugins\new-database-table\new-database-table.php on line 16
[20-Oct-2025 16:39:45 UTC] PHP Deprecated:  Creation of dynamic property PetAdoptionTablePlugin::$tablename is deprecated in C:\xampp\htdocs\FICTIONAL-UNIVERSITY\wp-content\plugins\new-database-table\new-database-table.php on line 17
[20-Oct-2025 16:39:46 UTC] PHP Deprecated:  Creation of dynamic property PetAdoptionTablePlugin::$charset is deprecated in C:\xampp\htdocs\FICTIONAL-UNIVERSITY\wp-content\plugins\new-database-table\new-database-table.php on line 16
[20-Oct-2025 16:39:46 UTC] PHP Deprecated:  Creation of dynamic property PetAdoptionTablePlugin::$tablename is deprecated in C:\xampp\htdocs\FICTIONAL-UNIVERSITY\wp-content\plugins\new-database-table\new-database-table.php on line 17
[20-Oct-2025 16:39:52 UTC] PHP Deprecated:  Creation of dynamic property PetAdoptionTablePlugin::$charset is deprecated in C:\xampp\htdocs\FICTIONAL-UNIVERSITY\wp-content\plugins\new-database-table\new-database-table.php on line 16
[20-Oct-2025 16:39:52 UTC] PHP Deprecated:  Creation of dynamic property PetAdoptionTablePlugin::$tablename is deprecated in C:\xampp\htdocs\FICTIONAL-UNIVERSITY\wp-content\plugins\new-database-table\new-database-table.php on line 17
[20-Oct-2025 16:39:52 UTC] PHP Deprecated:  Creation of dynamic property PetAdoptionTablePlugin::$charset is deprecated in C:\xampp\htdocs\FICTIONAL-UNIVERSITY\wp-content\plugins\new-database-table\new-database-table.php on line 16
[20-Oct-2025 16:39:52 UTC] PHP Deprecated:  Creation of dynamic property PetAdoptionTablePlugin::$tablename is deprecated in C:\xampp\htdocs\FICTIONAL-UNIVERSITY\wp-content\plugins\new-database-table\new-database-table.php on line 17
[20-Oct-2025 16:39:54 UTC] PHP Deprecated:  Creation of dynamic property PetAdoptionTablePlugin::$charset is deprecated in C:\xampp\htdocs\FICTIONAL-UNIVERSITY\wp-content\plugins\new-database-table\new-database-table.php on line 16
[20-Oct-2025 16:39:54 UTC] PHP Deprecated:  Creation of dynamic property PetAdoptionTablePlugin::$tablename is deprecated in C:\xampp\htdocs\FICTIONAL-UNIVERSITY\wp-content\plugins\new-database-table\new-database-table.php on line 17
[20-Oct-2025 16:39:56 UTC] PHP Deprecated:  Creation of dynamic property PetAdoptionTablePlugin::$charset is deprecated in C:\xampp\htdocs\FICTIONAL-UNIVERSITY\wp-content\plugins\new-database-table\new-database-table.php on line 16
[20-Oct-2025 16:39:56 UTC] PHP Deprecated:  Creation of dynamic property PetAdoptionTablePlugin::$tablename is deprecated in C:\xampp\htdocs\FICTIONAL-UNIVERSITY\wp-content\plugins\new-database-table\new-database-table.php on line 17
[20-Oct-2025 16:39:58 UTC] PHP Deprecated:  Creation of dynamic property PetAdoptionTablePlugin::$charset is deprecated in C:\xampp\htdocs\FICTIONAL-UNIVERSITY\wp-content\plugins\new-database-table\new-database-table.php on line 16
[20-Oct-2025 16:39:58 UTC] PHP Deprecated:  Creation of dynamic property PetAdoptionTablePlugin::$tablename is deprecated in C:\xampp\htdocs\FICTIONAL-UNIVERSITY\wp-content\plugins\new-database-table\new-database-table.php on line 17
[20-Oct-2025 16:39:59 UTC] PHP Deprecated:  Creation of dynamic property PetAdoptionTablePlugin::$charset is deprecated in C:\xampp\htdocs\FICTIONAL-UNIVERSITY\wp-content\plugins\new-database-table\new-database-table.php on line 16
[20-Oct-2025 16:39:59 UTC] PHP Deprecated:  Creation of dynamic property PetAdoptionTablePlugin::$tablename is deprecated in C:\xampp\htdocs\FICTIONAL-UNIVERSITY\wp-content\plugins\new-database-table\new-database-table.php on line 17
[20-Oct-2025 16:40:00 UTC] PHP Notice:  La función register_rest_route ha sido llamada <strong>de forma incorrecta</strong>. A la definición de ruta de la API REST para <code>featuredProfessor/v1/getHTML</code> le falta el argumento <code>permission_callback</code> necesario. Para las rutas de la API REST que están pensadas para a ser públicas, usa <code>__return_true</code> como la llamada de permiso. Por favor, ve <a href="https://developer.wordpress.org/advanced-administration/debug/debug-wordpress/">depuración en WordPress</a> para más información. (Este mensaje fue añadido en la versión 5.5.0). in C:\xampp\htdocs\FICTIONAL-UNIVERSITY\wp-includes\functions.php on line 6121
[20-Oct-2025 16:40:00 UTC] PHP Notice:  La función register_rest_route ha sido llamada <strong>de forma incorrecta</strong>. A la definición de ruta de la API REST para <code>university/v1/manageLike</code> le falta el argumento <code>permission_callback</code> necesario. Para las rutas de la API REST que están pensadas para a ser públicas, usa <code>__return_true</code> como la llamada de permiso. Por favor, ve <a href="https://developer.wordpress.org/advanced-administration/debug/debug-wordpress/">depuración en WordPress</a> para más información. (Este mensaje fue añadido en la versión 5.5.0). in C:\xampp\htdocs\FICTIONAL-UNIVERSITY\wp-includes\functions.php on line 6121
[20-Oct-2025 16:40:00 UTC] PHP Notice:  La función register_rest_route ha sido llamada <strong>de forma incorrecta</strong>. A la definición de ruta de la API REST para <code>university/v1/manageLike</code> le falta el argumento <code>permission_callback</code> necesario. Para las rutas de la API REST que están pensadas para a ser públicas, usa <code>__return_true</code> como la llamada de permiso. Por favor, ve <a href="https://developer.wordpress.org/advanced-administration/debug/debug-wordpress/">depuración en WordPress</a> para más información. (Este mensaje fue añadido en la versión 5.5.0). in C:\xampp\htdocs\FICTIONAL-UNIVERSITY\wp-includes\functions.php on line 6121
[20-Oct-2025 16:40:00 UTC] PHP Notice:  La función register_rest_route ha sido llamada <strong>de forma incorrecta</strong>. A la definición de ruta de la API REST para <code>university/v1/search</code> le falta el argumento <code>permission_callback</code> necesario. Para las rutas de la API REST que están pensadas para a ser públicas, usa <code>__return_true</code> como la llamada de permiso. Por favor, ve <a href="https://developer.wordpress.org/advanced-administration/debug/debug-wordpress/">depuración en WordPress</a> para más información. (Este mensaje fue añadido en la versión 5.5.0). in C:\xampp\htdocs\FICTIONAL-UNIVERSITY\wp-includes\functions.php on line 6121
[20-Oct-2025 16:40:02 UTC] PHP Deprecated:  Creation of dynamic property PetAdoptionTablePlugin::$charset is deprecated in C:\xampp\htdocs\FICTIONAL-UNIVERSITY\wp-content\plugins\new-database-table\new-database-table.php on line 16
[20-Oct-2025 16:40:02 UTC] PHP Deprecated:  Creation of dynamic property PetAdoptionTablePlugin::$tablename is deprecated in C:\xampp\htdocs\FICTIONAL-UNIVERSITY\wp-content\plugins\new-database-table\new-database-table.php on line 17
[20-Oct-2025 16:40:14 UTC] PHP Deprecated:  Creation of dynamic property PetAdoptionTablePlugin::$charset is deprecated in C:\xampp\htdocs\FICTIONAL-UNIVERSITY\wp-content\plugins\new-database-table\new-database-table.php on line 16
[20-Oct-2025 16:40:14 UTC] PHP Deprecated:  Creation of dynamic property PetAdoptionTablePlugin::$tablename is deprecated in C:\xampp\htdocs\FICTIONAL-UNIVERSITY\wp-content\plugins\new-database-table\new-database-table.php on line 17
[20-Oct-2025 16:40:25 UTC] PHP Deprecated:  Creation of dynamic property PetAdoptionTablePlugin::$charset is deprecated in C:\xampp\htdocs\FICTIONAL-UNIVERSITY\wp-content\plugins\new-database-table\new-database-table.php on line 16
[20-Oct-2025 16:40:25 UTC] PHP Deprecated:  Creation of dynamic property PetAdoptionTablePlugin::$tablename is deprecated in C:\xampp\htdocs\FICTIONAL-UNIVERSITY\wp-content\plugins\new-database-table\new-database-table.php on line 17
